13.8039	-16.2805	c860800458930469e3fa0bf47022ab
13.8539	-16.2419	2b0147b98b0db41304d3df170bfdfc
13.9039	-16.2033	9c4fdb040b2ae9979bdc50f99b00b2
13.9539	-16.1647	9311d7fb63386e9367a20daaae0229
14.0039	-16.1260	00a42064a37124d5debd912a42fdc0
14.0539	-16.0874	49b16b1aa4eb77cbdd3741b993f900
14.1039	-16.0487	1007f6609f3f4f43efbf69416ae2e1
14.1538	-16.0100	6fbe8cf02a23857624470cd34bbee0
14.2038	-15.9713	5c4800ee0ee4186e213ff000651c10
14.2537	-15.9325	e4b80ec116e557d10f0e6c17713c22
14.3037	-15.8938	4ebe23272662bd21412e32d5e4a696
14.3536	-15.8550	3f54fc61c58ffd75941f4fea27f0cb
14.4036	-15.8162	49460f4e550aa04cd74e7501fc1ec6
14.4535	-15.7774	46b0acbfd912e830b44a6b710bf84e
14.5034	-15.7385	b0a09333b1d45ee20f920e87953ae3
14.5533	-15.6997	b793d73f83dae7201431827c58116a
14.6032	-15.6608	70cec283c860872ecd1b7103039d59
14.6531	-15.6219	47adde1d40d274ad8365bb839b4598
14.7030	-15.5830	a66f75287723ac94f9b2b867734f6c
14.7529	-15.5440	641b2fb8d6a4b50191f11051cf8082
14.8028	-15.5051	a6d318bd8bbd8ad4c74850aa0e4d9b
14.8526	-15.4661	b9873157b531ab126aac17516575ff
14.9025	-15.4271	02f03a86adcbb50628b4f380410c0a
14.9523	-15.3881	93f95a579d6f68768c0484b6479a64
15.0022	-15.3491	b0cd97e6d6218b49e4c8d1c3b6b52a
15.0520	-15.3100	1f9a74dc539e79aa37b5c0e3088dcc
15.1019	-15.2709	1ba9a03fe236591e3973d7a05e7146
15.1517	-15.2318	f736a0a63bbf06fdfd4196c51521c9
15.2015	-15.1927	e4a3a9b67fa35d6407d3a11270e580
15.2513	-15.1536	77e0f6e15bf1f3ded78475e41f8092
15.3011	-15.1144	d12a9878ee1bc6033bed693179b346
15.3508	-15.0752	0caeb2abb919bb3c60b76bae2b054f
15.4006	-15.0360	bfe6a3c178cd0c9b6ae4e8a0703b03
15.4504	-14.9968	afedd6747dbace8e6e5aac973e1a99
15.5002	-14.9575	d2ed9fa97ac3dac60213311629bf25
15.5499	-14.9183	0723df8df4e8c3811fe16440531b48
15.5997	-14.8790	d6c81677acc381a88e71aac9305644
15.6494	-14.8397	3352f96ef41d196068d02568be8367
15.6991	-14.8003	a462c6aeccdf99430bff5d645bc50c
15.7488	-14.7610	2a1ec1079ad4bc45027d4de4948e94
15.7985	-14.7216	533628b6587292b48aa40b50df1aa0
15.8482	-14.6822	df6e3c95bc6458c08ab47ccf288e6e
15.8979	-14.6428	e41904e3ccaef0e848d20d108af86c
15.9476	-14.6034	8a9703abbdbb7069386af2da4e4e80
15.9973	-14.5639	cb6d9ac1e8dd08a3093a983f40b04d
16.0469	-14.5245	6596317928c3a63ff5f6834e73200d
16.0966	-14.4850	e0ea8d5445c43f864a0895b67ac86d
16.1462	-14.4454	339f3571cffcda494197e0a0fad9a0
16.1959	-14.4059	b12728c86d8b1077623ed103f0a1df
