-19.8955	-41.3202	4259d7ee39c91e5b91c71fe79e2217
-19.8467	-41.2789	a6ea841383390bcd14a9eadabc24d9
-19.7979	-41.2376	14d1cb1a70d3105894f923963a96d1
-19.7491	-41.1963	96a252538278469d977bf4f070663d
-19.7003	-41.1551	769810783fdd4df699431ccdec769c
-19.6515	-41.1138	be8213f0d4429e20348b473ca214cf
-19.6027	-41.0726	acb10bc5f342837c43b50abf6e6533
-19.5538	-41.0315	83fb34c96a7077d161dfc44e3ba3b4
-19.5050	-40.9903	93c837856bcfbf9165cab342d481c8
-19.4561	-40.9492	0e92b904a23ae29827f4e68704ee59
-19.4073	-40.9081	2e2d74afcfd5a8b0c81e90d4ad8593
-19.3584	-40.8671	1982d4ce8b98ab29fcd9205a46585e
-19.3095	-40.8260	e9359b5735dd7cfb398e6acafbedb2
-19.2605	-40.7850	ee9b151cd7cdc22778f230020cdfe8
-19.2116	-40.7440	8c5643c482450da98bb99b04e6fbd1
-19.1627	-40.7031	e62f166da3f670c988bfcde7506227
-19.1137	-40.6621	e19004669975d1de5e966588a881ac
-19.0158	-40.5804	8e2c4ace56ebb6b15b4828c9de03dd
-19.0158	-40.5804	7e1351d58b615c667fb7aac90647f3
-18.9669	-40.5395	9b727a97d6c3a854a8a8a06bb06732
-18.9179	-40.4987	87b21bc669728b9c7a42e387dcb0dd
-18.8689	-40.4579	75b36afd7424f4f34c01fac1770435
-18.8199	-40.4172	97d9ac83f19ae173e88878873141d8
-18.7709	-40.3764	e281c6e7e7c9369625cc4941e78bf5
-18.7218	-40.3357	4453edbdf7027f2369e86957dc30cf
-18.6728	-40.2950	655ce1c499afdc2da33083599c29df
-18.6237	-40.2544	7eca47cd78cdf4dc6923a687a9ae08
-18.5747	-40.2137	960e84247cc66d25e69b540f7eb39f
-18.5256	-40.1731	eab63e232a5141983197eebd5e50f6
-18.4765	-40.1325	f0874e58a4ad4f1ddfd365bdf3bc2d
-18.4274	-40.0920	f89c09a0632ce0403e75f2a4e32182
-18.3783	-40.0514	6907374bf8ae3687a9f311104d2f4d
-18.3292	-40.0109	6fd3a1d129407be542844b7c4d9ea6
-18.2801	-39.9704	4875c23841feaa8d00fbaf6ba0c615
-18.2309	-39.9300	3274c8aa7fe8a48494937b1c1621cc
-18.1817	-39.8894	b58a06a35dc253c99b3e6cb3d3348a
-18.1325	-39.8490	4fdbe70fbbe975f7c9135fdc2daa05
-18.0833	-39.8086	68444db2be512a441c9f28c82c3a05
-18.0342	-39.7683	f42bca7f27085302457aca8e5e0d1c
-17.9850	-39.7280	16a39b8f41d2c356403e3641358894
-17.9358	-39.6876	2bff891fd7827b52cea92d29a055d9
-17.8866	-39.6473	a44e70280bb4f61366f03b93fafee2
-17.8374	-39.6071	08d10bd85a2bab12ff553ef700e505
-17.7881	-39.5669	fbb2b082b1ceb196fc26c9f66f12b7
-17.7389	-39.5267	344bb8e45397be0a8fcc924ac59dac
-17.6896	-39.4865	399661960985727476d3ad48e502d5
-17.6404	-39.4463	2a6d2884dcdb8239634284593c6edc
-17.5911	-39.4062	269bd9cd0e948bf4ca328d77a1e294
-17.5418	-39.3661	66a5e91d71e15261f97a51bc509e0c
